<?xml version="1.0" encoding="UTF-8"?>
<!-- Generated by org.testng.reporters.JUnitXMLReporter -->
<testsuite ignored="0" hostname="LAPTOP-Q50JE3H0" failures="3" tests="3" name="Test" time="1.804" errors="0" timestamp="2023-07-03T20:05:12 IST">
  <testcase classname="testClassPackage.post_tc_2" name="execute" time="1.405">
    <failure type="java.lang.NullPointerException" message="Cannot invoke &amp;quot;org.apache.poi.ss.usermodel.Cell.getStringCellValue()&amp;quot; because the return value of &amp;quot;org.apache.poi.ss.usermodel.Row.getCell(int)&amp;quot; is null">
      <![CDATA[java.lang.NullPointerException: Cannot invoke "org.apache.poi.ss.usermodel.Cell.getStringCellValue()" because the return value of "org.apache.poi.ss.usermodel.Row.getCell(int)" is null
at commonFunctionPackage.utility_CommonFunctions.readdataexcel(utility_CommonFunctions.java:52)
at requestRepositoryPackage.post_req_respository.post_request2(post_req_respository.java:32)
at testClassPackage.post_tc_2.execute(post_tc_2.java:24)
at java.base/java.util.ArrayList.forEach(ArrayList.java:1511)
... Removed 27 stack frames]]>
    </failure>
  </testcase> <!-- execute -->
  <testcase classname="testClassPackage.post_tc_1" name="execute" time="0.079">
    <failure type="java.lang.NullPointerException" message="Cannot invoke &amp;quot;org.apache.poi.ss.usermodel.Cell.getStringCellValue()&amp;quot; because the return value of &amp;quot;org.apache.poi.ss.usermodel.Row.getCell(int)&amp;quot; is null">
      <![CDATA[java.lang.NullPointerException: Cannot invoke "org.apache.poi.ss.usermodel.Cell.getStringCellValue()" because the return value of "org.apache.poi.ss.usermodel.Row.getCell(int)" is null
at commonFunctionPackage.utility_CommonFunctions.readdataexcel(utility_CommonFunctions.java:52)
at requestRepositoryPackage.post_req_respository.post_request_1(post_req_respository.java:21)
at testClassPackage.post_tc_1.execute(post_tc_1.java:24)
at java.base/java.util.ArrayList.forEach(ArrayList.java:1511)
... Removed 27 stack frames]]>
    </failure>
  </testcase> <!-- execute -->
  <testcase classname="testClassPackage.post_tc_3" name="execute" time="0.062">
    <failure type="java.lang.NullPointerException" message="Cannot invoke &amp;quot;org.apache.poi.ss.usermodel.Cell.getStringCellValue()&amp;quot; because the return value of &amp;quot;org.apache.poi.ss.usermodel.Row.getCell(int)&amp;quot; is null">
      <![CDATA[java.lang.NullPointerException: Cannot invoke "org.apache.poi.ss.usermodel.Cell.getStringCellValue()" because the return value of "org.apache.poi.ss.usermodel.Row.getCell(int)" is null
at commonFunctionPackage.utility_CommonFunctions.readdataexcel(utility_CommonFunctions.java:52)
at requestRepositoryPackage.post_req_respository.post_request3(post_req_respository.java:43)
at testClassPackage.post_tc_3.execute(post_tc_3.java:24)
at java.base/java.util.ArrayList.forEach(ArrayList.java:1511)
... Removed 27 stack frames]]>
    </failure>
  </testcase> <!-- execute -->
</testsuite> <!-- Test -->
